27.03.2013 22:55:06	Begin download
27.03.2013 22:55:07	Exclude list count: 3902
27.03.2013 22:55:07	CAMELOT flat
27.03.2013 22:55:56	Begin download
27.03.2013 22:55:57	Exclude list count: 3902
27.03.2013 22:55:57	CAMELOT flat
27.03.2013 22:56:01		 Current poster date: 27.03.2013
27.03.2013 22:56:01		Page count: 7
27.03.2013 23:08:11	Begin download
27.03.2013 23:08:11	Exclude list count: 3902
27.03.2013 23:08:12	CAMELOT flat
27.03.2013 23:08:26		 Current poster date: 27.03.2013
27.03.2013 23:08:27		Page count: 7
19.04.2013 0:10:28	Begin download
19.04.2013 0:10:29	Exclude list count: 3902
19.04.2013 0:10:29	MoyaReklama 1 
19.04.2013 0:11:17	MOYA REKLAMA
19.04.2013 0:12:21	Begin download
19.04.2013 0:12:22	Exclude list count: 3902
19.04.2013 0:12:22	MoyaReklama 1 
19.04.2013 0:12:43	MOYA REKLAMA
19.04.2013 0:14:08		Page count: 38
19.04.2013 0:14:56	Begin download
19.04.2013 0:14:57	Exclude list count: 3902
19.04.2013 0:14:57	MoyaReklama 1 
19.04.2013 0:15:11		Page count: 38
19.04.2013 0:36:11	Begin download
19.04.2013 0:36:12	Exclude list count: 3902
19.04.2013 0:36:12	MoyaReklama 1 
19.04.2013 0:36:27		Page count: 38
19.04.2013 0:39:00	Begin download
19.04.2013 0:39:01	Exclude list count: 3902
19.04.2013 0:39:01	MoyaReklama 1 
19.04.2013 0:39:04		Page count: 38
19.04.2013 0:41:27	Begin download
19.04.2013 0:41:28	Exclude list count: 3902
19.04.2013 0:41:28	MoyaReklama 1 
19.04.2013 0:41:40		Page count: 38
19.04.2013 0:46:32	Begin download
19.04.2013 0:46:33	Exclude list count: 3902
19.04.2013 0:46:33	MoyaReklama 1 
19.04.2013 0:46:47		Page count: 38
19.04.2013 0:52:31	Begin download
19.04.2013 0:52:32	Exclude list count: 3902
19.04.2013 0:52:32	IRR
19.04.2013 0:52:35		Camelot tPage count: 5
19.04.2013 0:53:07	Begin download
19.04.2013 0:53:08	Exclude list count: 3902
19.04.2013 0:53:08	MoyaReklama 1 
19.04.2013 0:53:08		Page count: 38
19.04.2013 0:55:06	Begin download
19.04.2013 0:55:07	Exclude list count: 3902
19.04.2013 0:55:07	MoyaReklama 1 
19.04.2013 0:55:22		Page count: 38
19.04.2013 0:58:04	Begin download
19.04.2013 0:58:05	Exclude list count: 3902
19.04.2013 0:58:05	MoyaReklama 1 
19.04.2013 0:58:19		Page count: 38
19.04.2013 1:45:20	Begin download
19.04.2013 1:45:20	Exclude list count: 3902
19.04.2013 1:46:56	Begin download
19.04.2013 1:46:56	Exclude list count: 3902
19.04.2013 1:55:21	Begin download
19.04.2013 1:55:22	Exclude list count: 3902
19.04.2013 2:02:23	Begin download
19.04.2013 2:02:24	Exclude list count: 3902
19.04.2013 2:03:30	Begin download
19.04.2013 2:03:31	Exclude list count: 3902
19.04.2013 2:03:31	MoyaReklama 1 
19.04.2013 2:03:34		Page count: 38
26.04.2013 14:13:02	Begin download
26.04.2013 14:13:02	Exclude list count: 3903
26.04.2013 14:13:02	MoyaReklama 1 
26.04.2013 14:13:25		Page count: 44
26.04.2013 15:14:11	Begin download
26.04.2013 15:14:11	Exclude list count: 3903
26.04.2013 15:14:11	MoyaReklama 1 
26.04.2013 15:14:29		Page count: 44
26.04.2013 15:15:10	Begin download
26.04.2013 15:15:10	Exclude list count: 3903
26.04.2013 15:15:10	MoyaReklama 1 
26.04.2013 15:15:10		Page count: 44
26.04.2013 15:15:45	Begin download
26.04.2013 15:15:46	Exclude list count: 3903
26.04.2013 15:15:46	MoyaReklama 1 
26.04.2013 15:16:00		Page count: 44
26.04.2013 15:20:16	Begin download
26.04.2013 15:20:17	Exclude list count: 3903
26.04.2013 15:20:17	MoyaReklama 1 
26.04.2013 15:20:31		Page count: 44
26.07.2013 2:51:27	Begin download
26.07.2013 2:51:28	Exclude list count: 3903
26.07.2013 2:51:28	MoyaReklama 1 
26.07.2013 2:51:29		Page count: 35
30.07.2013 22:34:40	Begin download
30.07.2013 22:34:45	Begin download
30.07.2013 22:34:49	Begin download
30.07.2013 22:34:54	Begin download
01.08.2013 21:29:24	Begin download
01.08.2013 21:29:25	Exclude list count: 3903
01.08.2013 21:29:25	CAMELOT flat
01.08.2013 21:29:27		 Current poster date: 02.08.2013
01.08.2013 21:29:28		Page count: 8
01.08.2013 21:29:36	Begin download
01.08.2013 21:29:36	Exclude list count: 3903
01.08.2013 21:29:36	CAMELOT house
01.08.2013 21:29:37		 Current poster date: 01.01.0001
01.08.2013 21:29:37		ERROR on Camelot: Can't find max page count
01.08.2013 21:29:44	Begin download
01.08.2013 21:29:45	Exclude list count: 3903
01.08.2013 21:29:45	IRR
01.08.2013 21:29:51		Camelot tPage count: 5
01.08.2013 21:30:05	Begin download
01.08.2013 21:30:05	Exclude list count: 3903
01.08.2013 21:30:05	AVITO flat
01.08.2013 21:30:06		ERROR on load page http://www.avito.ru/catalog/kvartiry-24/voronezh-625810/params.201_1060.504_5256  ERROR on get page http://www.avito.ru/catalog/kvartiry-24/voronezh-625810/params.201_1060.504_5256. Exception: Удаленный сервер возвратил ошибку: (404) Не найден.
01.08.2013 21:30:12	Begin download
01.08.2013 21:30:13	Exclude list count: 3903
01.08.2013 21:30:13	AVITO house
01.08.2013 21:30:13		ERROR on load page http://www.avito.ru/catalog/doma_dachi_kottedzhi-25/voronezh-625810/params.202_1065  ERROR on get page http://www.avito.ru/catalog/doma_dachi_kottedzhi-25/voronezh-625810/params.202_1065. Exception: Удаленный сервер возвратил ошибку: (404) Не найден.
01.08.2013 21:30:17	Begin download
01.08.2013 21:30:17	Exclude list count: 3903
01.08.2013 21:30:17	Slando
01.08.2013 21:30:17	-----------------------Page number: 1
01.08.2013 21:30:17		Loading....: http://voronezh.vor.slando.ru/nedvizhimost/arenda-kvartir/dolgosrochnaya-arenda-kvartir/
01.08.2013 21:30:18		Page size: 85881
01.08.2013 21:30:18		Collect links
01.08.2013 21:30:18		Link count: 0
01.08.2013 21:30:18	-----------------------Page number: 2
01.08.2013 21:30:18		Loading....: http://voronezh.vor.slando.ru/nedvizhimost/arenda-kvartir/dolgosrochnaya-arenda-kvartir/?page=2
01.08.2013 21:30:19		Page size: 97222
01.08.2013 21:30:19		Collect links
01.08.2013 21:30:19		Link count: 0
01.08.2013 21:30:19	-----------------------Page number: 3
01.08.2013 21:30:19		Loading....: http://voronezh.vor.slando.ru/nedvizhimost/arenda-kvartir/dolgosrochnaya-arenda-kvartir/?page=3
01.08.2013 21:30:19		Page size: 97230
01.08.2013 21:30:19		Collect links
01.08.2013 21:30:19		Link count: 0
01.08.2013 21:30:26	Begin download
01.08.2013 21:30:26	Exclude list count: 3903
01.08.2013 21:30:26	Slando
01.08.2013 21:30:26	-----------------------Page number: 1
01.08.2013 21:30:26		Loading....: http://voronezh.vor.slando.ru/nedvizhimost/arenda-domov/
01.08.2013 21:30:27		Page size: 85043
01.08.2013 21:30:27		Collect links
01.08.2013 21:30:27		Link count: 0
01.08.2013 21:30:31	Begin download
01.08.2013 21:30:32	Exclude list count: 3903
01.08.2013 21:30:32	MoyaReklama 1 
01.08.2013 21:30:32		Page count: 37
01.08.2013 21:30:50	Begin download
01.08.2013 21:30:50	Exclude list count: 3903
01.08.2013 21:30:50	MoyaReklama 1 
01.08.2013 21:30:51		Page count: 19
01.08.2013 21:31:00	Begin download
01.08.2013 21:31:00	Exclude list count: 3903
01.08.2013 21:31:00	MoyaReklama 1 
01.08.2013 21:31:01		Page count: 2
