12.02.2013 21:08:16	init
12.02.2013 21:08:16	Невозможно загрузить файл или сборку "tesseract.dll" или один из зависимых от них компонентов. Не удалось запустить приложение, поскольку его параллельная конфигурация неправильна. Дополнительные сведения содержатся в журнале событий приложений или используйте программу командной строки sxstrace.exe для получения дополнительных сведений. (Исключение из HRESULT: 0x800736B1)
12.02.2013 21:08:50	init
12.02.2013 21:15:17	init
26.02.2013 9:05:37	init
26.02.2013 9:05:38	Невозможно загрузить файл или сборку "tesseract, Version=0.0.0.0, Culture=neutral, PublicKeyToken=null" или один из зависимых от них компонентов. Не удалось запустить приложение, поскольку его параллельная конфигурация неправильна. Дополнительные сведения содержатся в журнале событий приложений или используйте программу командной строки sxstrace.exe для получения дополнительных сведений. (Исключение из HRESULT: 0x800736B1)
26.02.2013 9:06:06	init
26.02.2013 9:13:36	init
26.02.2013 9:13:36	Невозможно загрузить файл или сборку "tesseract.dll" или один из зависимых от них компонентов. Не удалось запустить приложение, поскольку его параллельная конфигурация неправильна. Дополнительные сведения содержатся в журнале событий приложений или используйте программу командной строки sxstrace.exe для получения дополнительных сведений. (Исключение из HRESULT: 0x800736B1)
26.02.2013 9:18:39	init
26.02.2013 9:18:39	Begin rec
26.02.2013 9:18:39	TesseractProcessor
26.02.2013 9:18:39	e:\_proj\Rental_\rec\bin\Debug\tessdata\
26.02.2013 9:18:39	Inited
26.02.2013 9:18:39	Processing....
26.02.2013 9:19:01	init
26.02.2013 9:19:01	Begin rec
26.02.2013 9:19:01	TesseractProcessor
26.02.2013 9:19:01	e:\_proj\Rental_\rec\bin\Debug\tessdata\
26.02.2013 9:19:01	Inited
26.02.2013 9:19:01	Processing....
26.02.2013 9:19:23	init
26.02.2013 9:19:24	Begin rec
26.02.2013 9:19:24	TesseractProcessor
26.02.2013 9:19:24	e:\_proj\Rental_\rec\bin\Debug\tessdata\
26.02.2013 9:19:24	Inited
26.02.2013 9:19:24	Processing....
26.02.2013 9:20:05	init
26.02.2013 9:20:07	Begin rec
26.02.2013 9:20:07	TesseractProcessor
26.02.2013 9:20:07	e:\_proj\Rental_\rec\bin\Debug\tessdata\
26.02.2013 9:20:07	Inited
26.02.2013 9:20:07	Processing....
26.02.2013 9:21:50	init
26.02.2013 9:21:50	Begin rec
26.02.2013 9:22:06	init
26.02.2013 9:22:06	Begin rec
