2013-03-27 22:36:47  [INFO ] Received request to process 'Movie' config file = '[6783] [49530] [99] [62dca0a6-59da-40f3-ae7f-9344cd4e2b9b].xml' for provider = 'odc_axn'.
2013-03-27 22:36:47  [INFO ] Retrieving 'odc_axn' provider batch user.
2013-03-27 22:36:48  [INFO ] 'BP:DTAG_BATCH' is a batch user for 'odc_axn' provider.
2013-03-27 22:36:48  [INFO ] Performing authentication for 'BP:DTAG_BATCH' user.
2013-03-27 22:36:48  [INFO ] 'BP:DTAG_BATCH' user is authenticated.
2013-03-27 22:36:48  [INFO ] Provider schema file 'C:\Artemis_QA\WindowsServices\xslt\odc_axn\odc_axn.movie.xsd' does not exists. Resolving alternative file path.
2013-03-27 22:36:48  [INFO ] Resolved alternative file path 'C:\Artemis_QA\WindowsServices\xslt\odc_axn\odc_axn.xsd'.
2013-03-27 22:36:48  [INFO ] Provider xsl transformation file 'C:\Artemis_QA\WindowsServices\xslt\odc_axn\odc_axn.movie.xsl' does not exists. Resolving alternative file path.
2013-03-27 22:36:48  [INFO ] Resolved alternative file path 'C:\Artemis_QA\WindowsServices\xslt\odc_axn\odc_axn.xsl'.
2013-03-27 22:36:48  [INFO ] Provider data mapping file 'C:\Artemis_QA\WindowsServices\xslt\odc_axn\odc_axn.movie.map.xml' does not exists. Resolving alternative file path.
2013-03-27 22:36:48  [INFO ] Resolved alternative file path 'C:\Artemis_QA\WindowsServices\xslt\odc_axn\odc_axn.map.xml'.
2013-03-27 22:36:48  [INFO ] Could not find providers schema file = 'odc_axn.xsd' for provider = 'odc_axn'. Validation canceled, config file processing continues.
2013-03-27 22:36:48  [INFO ] Could not find template file = 'odc_axn.xsl' for provider = 'odc_axn' in 'C:\Artemis_QA\WindowsServices\xslt\odc_axn\odc_axn.xsl'. Current directory is 'C:\Windows\system32'. CurrentDomainPath is 'C:\Artemis_QA\WindowsServices\BatchProcessor.Service\Services\'. XSL transformation will not be applied, config file processing continues.
2013-03-27 22:36:48  [INFO ] Validating config file = '[6783] [49530] [99] [62dca0a6-59da-40f3-ae7f-9344cd4e2b9b].xml' against XSD schema = 'batchProcessorXml.movie.xsd' for provider = 'odc_axn'.
2013-03-27 22:36:48  [INFO ] Config file = '[6783] [49530] [99] [62dca0a6-59da-40f3-ae7f-9344cd4e2b9b].xml' for provider = 'odc_axn' is valid against XSD schema = 'batchProcessorXml.movie.xsd'.
2013-03-27 22:36:48  [WARN ] Could not find provider specific data mapping file = 'odc_axn.map.xml' for provider = 'odc_axn'. Will not map provider specific data; config file processing continues.
2013-03-27 22:36:48  [INFO ] Splitting config file = '[6783] [49530] [99] [62dca0a6-59da-40f3-ae7f-9344cd4e2b9b].xml' contents for provider = 'odc_axn'.
2013-03-27 22:36:48  [INFO ] Succeeded splitting config file = '[6783] [49530] [99] [62dca0a6-59da-40f3-ae7f-9344cd4e2b9b].xml' contents for provider = 'odc_axn'; resulting XML count = 1.
2013-03-27 22:36:48  [INFO ] Preparing to process config file = '[6783] [49530] [99] [62dca0a6-59da-40f3-ae7f-9344cd4e2b9b].xml' in parts for provider = 'odc_axn' at DMMCore.
2013-03-27 22:36:48  [INFO ] Sending config file = '[6783] [49530] [99] [62dca0a6-59da-40f3-ae7f-9344cd4e2b9b].xml' part 1 of 1 to DMMCore for further processing for provider = 'odc_axn' (correlation code = 'odc_axn_20130327213648287').
2013-03-27 22:36:52  [ERROR] Failed to process config file = '[6783] [49530] [99] [62dca0a6-59da-40f3-ae7f-9344cd4e2b9b].xml' part 1 of 1 for provider = 'odc_axn' in DMMCore (correlation code = 'odc_axn_20130327213648287').
Error Type: DmmCoreError

2013-03-27 22:36:52  [DEBUG] Import file path = '\\na01dfl1-106.afm.t-online.de\dmm_incoming_c01\incoming_m1\odc_axn\batchprocessing\movies\[6783] [49530] [99] [62dca0a6-59da-40f3-ae7f-9344cd4e2b9b].xml', split part number = 1.
2013-03-27 22:36:52  [DEBUG] Import file name = '[6783] [49530] [99] [62dca0a6-59da-40f3-ae7f-9344cd4e2b9b]', extension = '.xml'.
2013-03-27 22:36:52  [DEBUG] Failed import part file path = '\\na01dfl1-106.afm.t-online.de\dmm_incoming_c01\incoming_m1\odc_axn\batcherror\movies\[6783] [49530] [99] [62dca0a6-59da-40f3-ae7f-9344cd4e2b9b]_part_1.xml'.
2013-03-27 22:36:52  [INFO ] Part 1 of config file = '[6783] [49530] [99] [62dca0a6-59da-40f3-ae7f-9344cd4e2b9b]' was written to file path = '\\na01dfl1-106.afm.t-online.de\dmm_incoming_c01\incoming_m1\odc_axn\batcherror\movies\[6783] [49530] [99] [62dca0a6-59da-40f3-ae7f-9344cd4e2b9b]_part_1.xml'.
2013-03-27 22:36:52  [INFO ] Finished processing all config file = '[6783] [49530] [99] [62dca0a6-59da-40f3-ae7f-9344cd4e2b9b].xml' parts for provider = 'odc_axn' at DMMCore: 0 of 1 parts were processed successfully.
2013-03-27 22:36:52  [ERROR] [6783] [49530] [99] [62DCA0A6-59DA-40F3-AE7F-9344CD4E2B9B].XML 
---- Info begin ------------------
Index: 0
Type: Warn
Correlation code: 9230e3cc-0631-43cf-a330-d20eab7acff4
Data-[msg]: Finished processing all config file = '[6783] [49530] [99] [62dca0a6-59da-40f3-ae7f-9344cd4e2b9b].xml' parts for provider = 'odc_axn' at DMMCore: 0 of 1 parts were processed successfully.

* * * * * * * * * * * * * * * * * * * * * * * * * * * * * * * * * * * * * * * * * * *
Failed to process config file = '[6783] [49530] [99] [62dca0a6-59da-40f3-ae7f-9344cd4e2b9b].xml' part 1 of 1 for provider = 'odc_axn' in DMMCore (correlation code = 'odc_axn_20130327213648287').
Error Type: DmmCoreError


---- Info begin ------------------
Index: 0
Type: Error
Correlation code: f7a6d141-6e1b-4cb8-874c-3ac2fa2f62a9
Data-[msg]: Failed to process Batch Processor XML.
Data-[msg code]: null
Data-[msg group]: null
Data-[msg params]: NULL
Data-[debug info]:    at CID.Catamaran.Service.Core.OperationAssertor.AssertIt(Boolean validCondition, ResponseInformation information, Boolean error) in c:\SVN\artemis\Catamaran\sources\Catamaran.Service.Core\OperationAssertor.cs:line 241
   at CID.Catamaran.Service.Core.OperationAssertor.AssertIt(Boolean validCondition, ResponseInformation information) in c:\SVN\artemis\Catamaran\sources\Catamaran.Service.Core\OperationAssertor.cs:line 215
   at CID.Catamaran.Service.Core.OperationAssertor.Assert(ResponseMessage response, ResponseInformation informationTemplate) in c:\SVN\artemis\Catamaran\sources\Catamaran.Service.Core\OperationAssertor.cs:line 81
   at CID.TOI.Artemis.BatchProcessor.Service.FileHandler.Operations.CreateDMMCoreEntitiesOperation.OperateCore(CreateDMMCoreEntitiesRequestMessage request) in c:\SVN\artemis\artemis 7.0\sources\BatchProcessor.Service\FileHandler\Operations\CreateDMMCoreEntitiesOperation.cs:line 70
   at CID.Catamaran.Service.Core.GenericBusinessOperation`2.OperateCore(RequestMessage request) in c:\SVN\artemis\Catamaran\sources\Catamaran.Service.Core\GenericBusinessOperation.cs:line 64
   at CID.Catamaran.Service.Core.BusinessOperation.Operate(RequestMessage request) in c:\SVN\artemis\Catamaran\sources\Catamaran.Service.Core\BusinessOperation.cs:line 611

---- Inner: ------------------
Index: 0.0
Type: Error
Correlation code: 63fdcfc3-bfad-4f81-8d08-49d1d73b3648
Data-[msg]: Movie with Episode Number '134' already exists in the season 'Wolffs Revier'
Data-[msg code]: null
Data-[msg group]: null
Data-[msg params]: NULL
Data-[debug info]:    at CID.Catamaran.Service.Core.OperationAssertor.AssertIt(Boolean validCondition, ResponseInformation information, Boolean error) in c:\SVN\artemis\Catamaran\sources\Catamaran.Service.Core\OperationAssertor.cs:line 241
   at CID.Catamaran.Service.Core.OperationAssertor.AssertIt(Boolean validCondition, ResponseInformation information) in c:\SVN\artemis\Catamaran\sources\Catamaran.Service.Core\OperationAssertor.cs:line 215
   at CID.Catamaran.Service.Core.OperationAssertor.Assert(Boolean validCondition, String message) in c:\SVN\artemis\Catamaran\sources\Catamaran.Service.Core\OperationAssertor.cs:line 35
   at CID.Catamaran.Service.Core.OperationAssertor.AssertFormat(Boolean validCondition, String format, Object[] args) in c:\SVN\artemis\Catamaran\sources\Catamaran.Service.Core\OperationAssertor.cs:line 138
   at CID.TOI.Artemis.DMMCore.Application.Content.Operations.ContentHelper.ValidateEpisodeNumber(Int64 seasonNumber, String episodeNumber, Nullable`1 episodeMovieNumber) in c:\SVN\artemis\Artemis 7.0\sources\DMMCore.Application\Content\Operations\ContentHelper.cs:line 318
   at CID.TOI.Artemis.DMMCore.Application.Content.Operations.ContentHelper.ValidateEpisodeNumber(MovieEntity movie) in c:\SVN\artemis\Artemis 7.0\sources\DMMCore.Application\Content\Operations\ContentHelper.cs:line 281
   at CID.TOI.Artemis.DMMCore.Application.Content.Operations.ContentHelper.ValidateMovieBeforeSave(MovieEntity movie) in c:\SVN\artemis\Artemis 7.0\sources\DMMCore.Application\Content\Operations\ContentHelper.cs:line 255
   at CID.TOI.Artemis.DMMCore.Application.Content.Operations.CreateMovieOperation.OperateCore(CreateMovieRequestMessage request) in c:\SVN\artemis\Artemis 7.0\sources\DMMCore.Application\Content\Operations\CreateMovieOperation.cs:line 72
   at CID.Catamaran.Service.Core.GenericBusinessOperation`2.OperateCore(RequestMessage request) in c:\SVN\artemis\Catamaran\sources\Catamaran.Service.Core\GenericBusinessOperation.cs:line 64
   at CID.Catamaran.Service.Core.BusinessOperation.Operate(RequestMessage request) in c:\SVN\artemis\Catamaran\sources\Catamaran.Service.Core\BusinessOperation.cs:line 611

---- Inner: ------------------
Index: 0.1
Type: Error
Correlation code: e4575926-1676-4843-bab3-349560804ca6
Data-[msg]: Create Movie operation failed.
Data-[msg code]: null
Data-[msg group]: null
Data-[msg params]: NULL
Data-[debug info]:    at CID.Catamaran.Service.Core.OperationAssertor.AssertIt(Boolean validCondition, ResponseInformation information, Boolean error) in c:\SVN\artemis\Catamaran\sources\Catamaran.Service.Core\OperationAssertor.cs:line 241
   at CID.Catamaran.Service.Core.OperationAssertor.AssertIt(Boolean validCondition, ResponseInformation information) in c:\SVN\artemis\Catamaran\sources\Catamaran.Service.Core\OperationAssertor.cs:line 215
   at CID.Catamaran.Service.Core.OperationAssertor.Assert(Boolean validCondition, ResponseInformation information) in c:\SVN\artemis\Catamaran\sources\Catamaran.Service.Core\OperationAssertor.cs:line 61
   at CID.Catamaran.Service.Core.OperationAssertor.Assert(ResponseMessage response, String message) in c:\SVN\artemis\Catamaran\sources\Catamaran.Service.Core\OperationAssertor.cs:line 100
   at CID.TOI.Artemis.DMMCore.Application.BatchProcessor.Operations.CreateMovieWithRelatedEntitiesOperation.SaveOrCreateMovie(MovieDto movie) in c:\SVN\artemis\Artemis 7.0\sources\DMMCore.Application\BatchProcessor\Operations\CreateMovieWithRelatedEntitiesOperation.cs:line 205
   at CID.TOI.Artemis.DMMCore.Application.BatchProcessor.Operations.CreateMovieWithRelatedEntitiesOperation.SaveMovie(MovieEncapsulatorDto movieInput) in c:\SVN\artemis\Artemis 7.0\sources\DMMCore.Application\BatchProcessor\Operations\CreateMovieWithRelatedEntitiesOperation.cs:line 99
   at CID.TOI.Artemis.DMMCore.Application.BatchProcessor.Operations.CreateMovieWithRelatedEntitiesOperation.OperateCore(CreateMovieWithRelatedEntitiesRequestMessage request) in c:\SVN\artemis\Artemis 7.0\sources\DMMCore.Application\BatchProcessor\Operations\CreateMovieWithRelatedEntitiesOperation.cs:line 59
   at CID.Catamaran.Service.Core.GenericBusinessOperation`2.OperateCore(RequestMessage request) in c:\SVN\artemis\Catamaran\sources\Catamaran.Service.Core\GenericBusinessOperation.cs:line 64
   at CID.Catamaran.Service.Core.BusinessOperation.Operate(RequestMessage request) in c:\SVN\artemis\Catamaran\sources\Catamaran.Service.Core\BusinessOperation.cs:line 611

---- Inner: ------------------
Index: 0.1.0
Type: Error
Correlation code: 63fdcfc3-bfad-4f81-8d08-49d1d73b3648
Data-[msg]: Movie with Episode Number '134' already exists in the season 'Wolffs Revier'
Data-[msg code]: null
Data-[msg group]: null
Data-[msg params]: NULL
Data-[debug info]:    at CID.Catamaran.Service.Core.OperationAssertor.AssertIt(Boolean validCondition, ResponseInformation information, Boolean error) in c:\SVN\artemis\Catamaran\sources\Catamaran.Service.Core\OperationAssertor.cs:line 241
   at CID.Catamaran.Service.Core.OperationAssertor.AssertIt(Boolean validCondition, ResponseInformation information) in c:\SVN\artemis\Catamaran\sources\Catamaran.Service.Core\OperationAssertor.cs:line 215
   at CID.Catamaran.Service.Core.OperationAssertor.Assert(Boolean validCondition, String message) in c:\SVN\artemis\Catamaran\sources\Catamaran.Service.Core\OperationAssertor.cs:line 35
   at CID.Catamaran.Service.Core.OperationAssertor.AssertFormat(Boolean validCondition, String format, Object[] args) in c:\SVN\artemis\Catamaran\sources\Catamaran.Service.Core\OperationAssertor.cs:line 138
   at CID.TOI.Artemis.DMMCore.Application.Content.Operations.ContentHelper.ValidateEpisodeNumber(Int64 seasonNumber, String episodeNumber, Nullable`1 episodeMovieNumber) in c:\SVN\artemis\Artemis 7.0\sources\DMMCore.Application\Content\Operations\ContentHelper.cs:line 318
   at CID.TOI.Artemis.DMMCore.Application.Content.Operations.ContentHelper.ValidateEpisodeNumber(MovieEntity movie) in c:\SVN\artemis\Artemis 7.0\sources\DMMCore.Application\Content\Operations\ContentHelper.cs:line 281
   at CID.TOI.Artemis.DMMCore.Application.Content.Operations.ContentHelper.ValidateMovieBeforeSave(MovieEntity movie) in c:\SVN\artemis\Artemis 7.0\sources\DMMCore.Application\Content\Operations\ContentHelper.cs:line 255
   at CID.TOI.Artemis.DMMCore.Application.Content.Operations.CreateMovieOperation.OperateCore(CreateMovieRequestMessage request) in c:\SVN\artemis\Artemis 7.0\sources\DMMCore.Application\Content\Operations\CreateMovieOperation.cs:line 72
   at CID.Catamaran.Service.Core.GenericBusinessOperation`2.OperateCore(RequestMessage request) in c:\SVN\artemis\Catamaran\sources\Catamaran.Service.Core\GenericBusinessOperation.cs:line 64
   at CID.Catamaran.Service.Core.BusinessOperation.Operate(RequestMessage request) in c:\SVN\artemis\Catamaran\sources\Catamaran.Service.Core\BusinessOperation.cs:line 611

---- Inner: ------------------
Index: 0.2
Type: Error
Correlation code: ea70f7de-449f-456f-ae97-341e3667df6b
Data-[msg]: Failed to create Movie with related entities.
Data-[msg code]: null
Data-[msg group]: null
Data-[msg params]: NULL
Data-[debug info]:    at CID.Catamaran.Service.Core.OperationAssertor.AssertIt(Boolean validCondition, ResponseInformation information, Boolean error) in c:\SVN\artemis\Catamaran\sources\Catamaran.Service.Core\OperationAssertor.cs:line 241
   at CID.Catamaran.Service.Core.OperationAssertor.AssertIt(Boolean validCondition, ResponseInformation information) in c:\SVN\artemis\Catamaran\sources\Catamaran.Service.Core\OperationAssertor.cs:line 215
   at CID.Catamaran.Service.Core.OperationAssertor.Assert(Boolean validCondition, ResponseInformation information) in c:\SVN\artemis\Catamaran\sources\Catamaran.Service.Core\OperationAssertor.cs:line 61
   at CID.Catamaran.Service.Core.OperationAssertor.Assert(ResponseMessage response, String message) in c:\SVN\artemis\Catamaran\sources\Catamaran.Service.Core\OperationAssertor.cs:line 100
   at CID.TOI.Artemis.DMMCore.Application.BatchProcessor.Operations.ProcessMovieXmlOperation.CreateMovieWithRelatedEntities(MovieEncapsulatorDto movie, EntitiesProcessingTarget targetState, Nullable`1& providerDefaultWorkflowTemplateNumber) in c:\SVN\artemis\Artemis 7.0\sources\DMMCore.Application\BatchProcessor\Operations\ProcessMovieXmlOperation.cs:line 429
   at CID.TOI.Artemis.DMMCore.Application.BatchProcessor.Operations.ProcessMovieXmlOperation.CreateMovie(ProviderEncapsulator provider, Nullable`1& taskId) in c:\SVN\artemis\Artemis 7.0\sources\DMMCore.Application\BatchProcessor\Operations\ProcessMovieXmlOperation.cs:line 538
   at CID.TOI.Artemis.DMMCore.Application.BatchProcessor.Operations.ProcessMovieXmlOperation.OperateCore(ProcessMovieXmlRequestMessage request) in c:\SVN\artemis\Artemis 7.0\sources\DMMCore.Application\BatchProcessor\Operations\ProcessMovieXmlOperation.cs:line 101
   at CID.Catamaran.Service.Core.GenericBusinessOperation`2.OperateCore(RequestMessage request) in c:\SVN\artemis\Catamaran\sources\Catamaran.Service.Core\GenericBusinessOperation.cs:line 64
   at CID.Catamaran.Service.Core.BusinessOperation.Operate(RequestMessage request) in c:\SVN\artemis\Catamaran\sources\Catamaran.Service.Core\BusinessOperation.cs:line 611

---- Inner: ------------------
Index: 0.2.0
Type: Error
Correlation code: 63fdcfc3-bfad-4f81-8d08-49d1d73b3648
Data-[msg]: Movie with Episode Number '134' already exists in the season 'Wolffs Revier'
Data-[msg code]: null
Data-[msg group]: null
Data-[msg params]: NULL
Data-[debug info]:    at CID.Catamaran.Service.Core.OperationAssertor.AssertIt(Boolean validCondition, ResponseInformation information, Boolean error) in c:\SVN\artemis\Catamaran\sources\Catamaran.Service.Core\OperationAssertor.cs:line 241
   at CID.Catamaran.Service.Core.OperationAssertor.AssertIt(Boolean validCondition, ResponseInformation information) in c:\SVN\artemis\Catamaran\sources\Catamaran.Service.Core\OperationAssertor.cs:line 215
   at CID.Catamaran.Service.Core.OperationAssertor.Assert(Boolean validCondition, String message) in c:\SVN\artemis\Catamaran\sources\Catamaran.Service.Core\OperationAssertor.cs:line 35
   at CID.Catamaran.Service.Core.OperationAssertor.AssertFormat(Boolean validCondition, String format, Object[] args) in c:\SVN\artemis\Catamaran\sources\Catamaran.Service.Core\OperationAssertor.cs:line 138
   at CID.TOI.Artemis.DMMCore.Application.Content.Operations.ContentHelper.ValidateEpisodeNumber(Int64 seasonNumber, String episodeNumber, Nullable`1 episodeMovieNumber) in c:\SVN\artemis\Artemis 7.0\sources\DMMCore.Application\Content\Operations\ContentHelper.cs:line 318
   at CID.TOI.Artemis.DMMCore.Application.Content.Operations.ContentHelper.ValidateEpisodeNumber(MovieEntity movie) in c:\SVN\artemis\Artemis 7.0\sources\DMMCore.Application\Content\Operations\ContentHelper.cs:line 281
   at CID.TOI.Artemis.DMMCore.Application.Content.Operations.ContentHelper.ValidateMovieBeforeSave(MovieEntity movie) in c:\SVN\artemis\Artemis 7.0\sources\DMMCore.Application\Content\Operations\ContentHelper.cs:line 255
   at CID.TOI.Artemis.DMMCore.Application.Content.Operations.CreateMovieOperation.OperateCore(CreateMovieRequestMessage request) in c:\SVN\artemis\Artemis 7.0\sources\DMMCore.Application\Content\Operations\CreateMovieOperation.cs:line 72
   at CID.Catamaran.Service.Core.GenericBusinessOperation`2.OperateCore(RequestMessage request) in c:\SVN\artemis\Catamaran\sources\Catamaran.Service.Core\GenericBusinessOperation.cs:line 64
   at CID.Catamaran.Service.Core.BusinessOperation.Operate(RequestMessage request) in c:\SVN\artemis\Catamaran\sources\Catamaran.Service.Core\BusinessOperation.cs:line 611

---- Inner: ------------------
Index: 0.2.1
Type: Error
Correlation code: e4575926-1676-4843-bab3-349560804ca6
Data-[msg]: Create Movie operation failed.
Data-[msg code]: null
Data-[msg group]: null
Data-[msg params]: NULL
Data-[debug info]:    at CID.Catamaran.Service.Core.OperationAssertor.AssertIt(Boolean validCondition, ResponseInformation information, Boolean error) in c:\SVN\artemis\Catamaran\sources\Catamaran.Service.Core\OperationAssertor.cs:line 241
   at CID.Catamaran.Service.Core.OperationAssertor.AssertIt(Boolean validCondition, ResponseInformation information) in c:\SVN\artemis\Catamaran\sources\Catamaran.Service.Core\OperationAssertor.cs:line 215
   at CID.Catamaran.Service.Core.OperationAssertor.Assert(Boolean validCondition, ResponseInformation information) in c:\SVN\artemis\Catamaran\sources\Catamaran.Service.Core\OperationAssertor.cs:line 61
   at CID.Catamaran.Service.Core.OperationAssertor.Assert(ResponseMessage response, String message) in c:\SVN\artemis\Catamaran\sources\Catamaran.Service.Core\OperationAssertor.cs:line 100
   at CID.TOI.Artemis.DMMCore.Application.BatchProcessor.Operations.CreateMovieWithRelatedEntitiesOperation.SaveOrCreateMovie(MovieDto movie) in c:\SVN\artemis\Artemis 7.0\sources\DMMCore.Application\BatchProcessor\Operations\CreateMovieWithRelatedEntitiesOperation.cs:line 205
   at CID.TOI.Artemis.DMMCore.Application.BatchProcessor.Operations.CreateMovieWithRelatedEntitiesOperation.SaveMovie(MovieEncapsulatorDto movieInput) in c:\SVN\artemis\Artemis 7.0\sources\DMMCore.Application\BatchProcessor\Operations\CreateMovieWithRelatedEntitiesOperation.cs:line 99
   at CID.TOI.Artemis.DMMCore.Application.BatchProcessor.Operations.CreateMovieWithRelatedEntitiesOperation.OperateCore(CreateMovieWithRelatedEntitiesRequestMessage request) in c:\SVN\artemis\Artemis 7.0\sources\DMMCore.Application\BatchProcessor\Operations\CreateMovieWithRelatedEntitiesOperation.cs:line 59
   at CID.Catamaran.Service.Core.GenericBusinessOperation`2.OperateCore(RequestMessage request) in c:\SVN\artemis\Catamaran\sources\Catamaran.Service.Core\GenericBusinessOperation.cs:line 64
   at CID.Catamaran.Service.Core.BusinessOperation.Operate(RequestMessage request) in c:\SVN\artemis\Catamaran\sources\Catamaran.Service.Core\BusinessOperation.cs:line 611

---- Inner: ------------------
Index: 0.2.1.0
Type: Error
Correlation code: 63fdcfc3-bfad-4f81-8d08-49d1d73b3648
Data-[msg]: Movie with Episode Number '134' already exists in the season 'Wolffs Revier'
Data-[msg code]: null
Data-[msg group]: null
Data-[msg params]: NULL
Data-[debug info]:    at CID.Catamaran.Service.Core.OperationAssertor.AssertIt(Boolean validCondition, ResponseInformation information, Boolean error) in c:\SVN\artemis\Catamaran\sources\Catamaran.Service.Core\OperationAssertor.cs:line 241
   at CID.Catamaran.Service.Core.OperationAssertor.AssertIt(Boolean validCondition, ResponseInformation information) in c:\SVN\artemis\Catamaran\sources\Catamaran.Service.Core\OperationAssertor.cs:line 215
   at CID.Catamaran.Service.Core.OperationAssertor.Assert(Boolean validCondition, String message) in c:\SVN\artemis\Catamaran\sources\Catamaran.Service.Core\OperationAssertor.cs:line 35
   at CID.Catamaran.Service.Core.OperationAssertor.AssertFormat(Boolean validCondition, String format, Object[] args) in c:\SVN\artemis\Catamaran\sources\Catamaran.Service.Core\OperationAssertor.cs:line 138
   at CID.TOI.Artemis.DMMCore.Application.Content.Operations.ContentHelper.ValidateEpisodeNumber(Int64 seasonNumber, String episodeNumber, Nullable`1 episodeMovieNumber) in c:\SVN\artemis\Artemis 7.0\sources\DMMCore.Application\Content\Operations\ContentHelper.cs:line 318
   at CID.TOI.Artemis.DMMCore.Application.Content.Operations.ContentHelper.ValidateEpisodeNumber(MovieEntity movie) in c:\SVN\artemis\Artemis 7.0\sources\DMMCore.Application\Content\Operations\ContentHelper.cs:line 281
   at CID.TOI.Artemis.DMMCore.Application.Content.Operations.ContentHelper.ValidateMovieBeforeSave(MovieEntity movie) in c:\SVN\artemis\Artemis 7.0\sources\DMMCore.Application\Content\Operations\ContentHelper.cs:line 255
   at CID.TOI.Artemis.DMMCore.Application.Content.Operations.CreateMovieOperation.OperateCore(CreateMovieRequestMessage request) in c:\SVN\artemis\Artemis 7.0\sources\DMMCore.Application\Content\Operations\CreateMovieOperation.cs:line 72
   at CID.Catamaran.Service.Core.GenericBusinessOperation`2.OperateCore(RequestMessage request) in c:\SVN\artemis\Catamaran\sources\Catamaran.Service.Core\GenericBusinessOperation.cs:line 64
   at CID.Catamaran.Service.Core.BusinessOperation.Operate(RequestMessage request) in c:\SVN\artemis\Catamaran\sources\Catamaran.Service.Core\BusinessOperation.cs:line 611

---- Inner: ------------------
Index: 0.3
Type: Error
Correlation code: 101aced8-856f-4469-9789-9dd5ec4facef
Data-[msg]: Failed movie xml processing.
Data-[msg code]: null
Data-[msg group]: null
Data-[msg params]: NULL
Data-[debug info]:    at CID.Catamaran.Service.Core.OperationAssertor.AssertIt(Boolean validCondition, ResponseInformation information, Boolean error) in c:\SVN\artemis\Catamaran\sources\Catamaran.Service.Core\OperationAssertor.cs:line 241
   at CID.Catamaran.Service.Core.OperationAssertor.AssertIt(Boolean validCondition, ResponseInformation information) in c:\SVN\artemis\Catamaran\sources\Catamaran.Service.Core\OperationAssertor.cs:line 215
   at CID.Catamaran.Service.Core.OperationAssertor.Assert(Boolean validCondition, ResponseInformation information) in c:\SVN\artemis\Catamaran\sources\Catamaran.Service.Core\OperationAssertor.cs:line 61
   at CID.Catamaran.Service.Core.OperationAssertor.Assert(ResponseMessage response, String message) in c:\SVN\artemis\Catamaran\sources\Catamaran.Service.Core\OperationAssertor.cs:line 100
   at CID.TOI.Artemis.DMMCore.Application.BatchProcessor.Operations.ProcessBatchProcessorXmlOperation.ProcessMovie(ProcessBatchProcessorXmlRequestMessage request) in c:\SVN\artemis\Artemis 7.0\sources\DMMCore.Application\BatchProcessor\Operations\ProcessBatchProcessorXmlOperation.cs:line 118
   at CID.TOI.Artemis.DMMCore.Application.BatchProcessor.Operations.ProcessBatchProcessorXmlOperation.OperateCore(ProcessBatchProcessorXmlRequestMessage request) in c:\SVN\artemis\Artemis 7.0\sources\DMMCore.Application\BatchProcessor\Operations\ProcessBatchProcessorXmlOperation.cs:line 71
   at CID.Catamaran.Service.Core.GenericBusinessOperation`2.OperateCore(RequestMessage request) in c:\SVN\artemis\Catamaran\sources\Catamaran.Service.Core\GenericBusinessOperation.cs:line 64
   at CID.Catamaran.Service.Core.BusinessOperation.Operate(RequestMessage request) in c:\SVN\artemis\Catamaran\sources\Catamaran.Service.Core\BusinessOperation.cs:line 611

---- Inner: ------------------
Index: 0.3.0
Type: Error
Correlation code: 63fdcfc3-bfad-4f81-8d08-49d1d73b3648
Data-[msg]: Movie with Episode Number '134' already exists in the season 'Wolffs Revier'
Data-[msg code]: null
Data-[msg group]: null
Data-[msg params]: NULL
Data-[debug info]:    at CID.Catamaran.Service.Core.OperationAssertor.AssertIt(Boolean validCondition, ResponseInformation information, Boolean error) in c:\SVN\artemis\Catamaran\sources\Catamaran.Service.Core\OperationAssertor.cs:line 241
   at CID.Catamaran.Service.Core.OperationAssertor.AssertIt(Boolean validCondition, ResponseInformation information) in c:\SVN\artemis\Catamaran\sources\Catamaran.Service.Core\OperationAssertor.cs:line 215
   at CID.Catamaran.Service.Core.OperationAssertor.Assert(Boolean validCondition, String message) in c:\SVN\artemis\Catamaran\sources\Catamaran.Service.Core\OperationAssertor.cs:line 35
   at CID.Catamaran.Service.Core.OperationAssertor.AssertFormat(Boolean validCondition, String format, Object[] args) in c:\SVN\artemis\Catamaran\sources\Catamaran.Service.Core\OperationAssertor.cs:line 138
   at CID.TOI.Artemis.DMMCore.Application.Content.Operations.ContentHelper.ValidateEpisodeNumber(Int64 seasonNumber, String episodeNumber, Nullable`1 episodeMovieNumber) in c:\SVN\artemis\Artemis 7.0\sources\DMMCore.Application\Content\Operations\ContentHelper.cs:line 318
   at CID.TOI.Artemis.DMMCore.Application.Content.Operations.ContentHelper.ValidateEpisodeNumber(MovieEntity movie) in c:\SVN\artemis\Artemis 7.0\sources\DMMCore.Application\Content\Operations\ContentHelper.cs:line 281
   at CID.TOI.Artemis.DMMCore.Application.Content.Operations.ContentHelper.ValidateMovieBeforeSave(MovieEntity movie) in c:\SVN\artemis\Artemis 7.0\sources\DMMCore.Application\Content\Operations\ContentHelper.cs:line 255
   at CID.TOI.Artemis.DMMCore.Application.Content.Operations.CreateMovieOperation.OperateCore(CreateMovieRequestMessage request) in c:\SVN\artemis\Artemis 7.0\sources\DMMCore.Application\Content\Operations\CreateMovieOperation.cs:line 72
   at CID.Catamaran.Service.Core.GenericBusinessOperation`2.OperateCore(RequestMessage request) in c:\SVN\artemis\Catamaran\sources\Catamaran.Service.Core\GenericBusinessOperation.cs:line 64
   at CID.Catamaran.Service.Core.BusinessOperation.Operate(RequestMessage request) in c:\SVN\artemis\Catamaran\sources\Catamaran.Service.Core\BusinessOperation.cs:line 611

---- Inner: ------------------
Index: 0.3.1
Type: Error
Correlation code: e4575926-1676-4843-bab3-349560804ca6
Data-[msg]: Create Movie operation failed.
Data-[msg code]: null
Data-[msg group]: null
Data-[msg params]: NULL
Data-[debug info]:    at CID.Catamaran.Service.Core.OperationAssertor.AssertIt(Boolean validCondition, ResponseInformation information, Boolean error) in c:\SVN\artemis\Catamaran\sources\Catamaran.Service.Core\OperationAssertor.cs:line 241
   at CID.Catamaran.Service.Core.OperationAssertor.AssertIt(Boolean validCondition, ResponseInformation information) in c:\SVN\artemis\Catamaran\sources\Catamaran.Service.Core\OperationAssertor.cs:line 215
   at CID.Catamaran.Service.Core.OperationAssertor.Assert(Boolean validCondition, ResponseInformation information) in c:\SVN\artemis\Catamaran\sources\Catamaran.Service.Core\OperationAssertor.cs:line 61
   at CID.Catamaran.Service.Core.OperationAssertor.Assert(ResponseMessage response, String message) in c:\SVN\artemis\Catamaran\sources\Catamaran.Service.Core\OperationAssertor.cs:line 100
   at CID.TOI.Artemis.DMMCore.Application.BatchProcessor.Operations.CreateMovieWithRelatedEntitiesOperation.SaveOrCreateMovie(MovieDto movie) in c:\SVN\artemis\Artemis 7.0\sources\DMMCore.Application\BatchProcessor\Operations\CreateMovieWithRelatedEntitiesOperation.cs:line 205
   at CID.TOI.Artemis.DMMCore.Application.BatchProcessor.Operations.CreateMovieWithRelatedEntitiesOperation.SaveMovie(MovieEncapsulatorDto movieInput) in c:\SVN\artemis\Artemis 7.0\sources\DMMCore.Application\BatchProcessor\Operations\CreateMovieWithRelatedEntitiesOperation.cs:line 99
   at CID.TOI.Artemis.DMMCore.Application.BatchProcessor.Operations.CreateMovieWithRelatedEntitiesOperation.OperateCore(CreateMovieWithRelatedEntitiesRequestMessage request) in c:\SVN\artemis\Artemis 7.0\sources\DMMCore.Application\BatchProcessor\Operations\CreateMovieWithRelatedEntitiesOperation.cs:line 59
   at CID.Catamaran.Service.Core.GenericBusinessOperation`2.OperateCore(RequestMessage request) in c:\SVN\artemis\Catamaran\sources\Catamaran.Service.Core\GenericBusinessOperation.cs:line 64
   at CID.Catamaran.Service.Core.BusinessOperation.Operate(RequestMessage request) in c:\SVN\artemis\Catamaran\sources\Catamaran.Service.Core\BusinessOperation.cs:line 611

---- Inner: ------------------
Index: 0.3.1.0
Type: Error
Correlation code: 63fdcfc3-bfad-4f81-8d08-49d1d73b3648
Data-[msg]: Movie with Episode Number '134' already exists in the season 'Wolffs Revier'
Data-[msg code]: null
Data-[msg group]: null
Data-[msg params]: NULL
Data-[debug info]:    at CID.Catamaran.Service.Core.OperationAssertor.AssertIt(Boolean validCondition, ResponseInformation information, Boolean error) in c:\SVN\artemis\Catamaran\sources\Catamaran.Service.Core\OperationAssertor.cs:line 241
   at CID.Catamaran.Service.Core.OperationAssertor.AssertIt(Boolean validCondition, ResponseInformation information) in c:\SVN\artemis\Catamaran\sources\Catamaran.Service.Core\OperationAssertor.cs:line 215
   at CID.Catamaran.Service.Core.OperationAssertor.Assert(Boolean validCondition, String message) in c:\SVN\artemis\Catamaran\sources\Catamaran.Service.Core\OperationAssertor.cs:line 35
   at CID.Catamaran.Service.Core.OperationAssertor.AssertFormat(Boolean validCondition, String format, Object[] args) in c:\SVN\artemis\Catamaran\sources\Catamaran.Service.Core\OperationAssertor.cs:line 138
   at CID.TOI.Artemis.DMMCore.Application.Content.Operations.ContentHelper.ValidateEpisodeNumber(Int64 seasonNumber, String episodeNumber, Nullable`1 episodeMovieNumber) in c:\SVN\artemis\Artemis 7.0\sources\DMMCore.Application\Content\Operations\ContentHelper.cs:line 318
   at CID.TOI.Artemis.DMMCore.Application.Content.Operations.ContentHelper.ValidateEpisodeNumber(MovieEntity movie) in c:\SVN\artemis\Artemis 7.0\sources\DMMCore.Application\Content\Operations\ContentHelper.cs:line 281
   at CID.TOI.Artemis.DMMCore.Application.Content.Operations.ContentHelper.ValidateMovieBeforeSave(MovieEntity movie) in c:\SVN\artemis\Artemis 7.0\sources\DMMCore.Application\Content\Operations\ContentHelper.cs:line 255
   at CID.TOI.Artemis.DMMCore.Application.Content.Operations.CreateMovieOperation.OperateCore(CreateMovieRequestMessage request) in c:\SVN\artemis\Artemis 7.0\sources\DMMCore.Application\Content\Operations\CreateMovieOperation.cs:line 72
   at CID.Catamaran.Service.Core.GenericBusinessOperation`2.OperateCore(RequestMessage request) in c:\SVN\artemis\Catamaran\sources\Catamaran.Service.Core\GenericBusinessOperation.cs:line 64
   at CID.Catamaran.Service.Core.BusinessOperation.Operate(RequestMessage request) in c:\SVN\artemis\Catamaran\sources\Catamaran.Service.Core\BusinessOperation.cs:line 611

---- Inner: ------------------
Index: 0.3.2
Type: Error
Correlation code: ea70f7de-449f-456f-ae97-341e3667df6b
Data-[msg]: Failed to create Movie with related entities.
Data-[msg code]: null
Data-[msg group]: null
Data-[msg params]: NULL
Data-[debug info]:    at CID.Catamaran.Service.Core.OperationAssertor.AssertIt(Boolean validCondition, ResponseInformation information, Boolean error) in c:\SVN\artemis\Catamaran\sources\Catamaran.Service.Core\OperationAssertor.cs:line 241
   at CID.Catamaran.Service.Core.OperationAssertor.AssertIt(Boolean validCondition, ResponseInformation information) in c:\SVN\artemis\Catamaran\sources\Catamaran.Service.Core\OperationAssertor.cs:line 215
   at CID.Catamaran.Service.Core.OperationAssertor.Assert(Boolean validCondition, ResponseInformation information) in c:\SVN\artemis\Catamaran\sources\Catamaran.Service.Core\OperationAssertor.cs:line 61
   at CID.Catamaran.Service.Core.OperationAssertor.Assert(ResponseMessage response, String message) in c:\SVN\artemis\Catamaran\sources\Catamaran.Service.Core\OperationAssertor.cs:line 100
   at CID.TOI.Artemis.DMMCore.Application.BatchProcessor.Operations.ProcessMovieXmlOperation.CreateMovieWithRelatedEntities(MovieEncapsulatorDto movie, EntitiesProcessingTarget targetState, Nullable`1& providerDefaultWorkflowTemplateNumber) in c:\SVN\artemis\Artemis 7.0\sources\DMMCore.Application\BatchProcessor\Operations\ProcessMovieXmlOperation.cs:line 429
   at CID.TOI.Artemis.DMMCore.Application.BatchProcessor.Operations.ProcessMovieXmlOperation.CreateMovie(ProviderEncapsulator provider, Nullable`1& taskId) in c:\SVN\artemis\Artemis 7.0\sources\DMMCore.Application\BatchProcessor\Operations\ProcessMovieXmlOperation.cs:line 538
   at CID.TOI.Artemis.DMMCore.Application.BatchProcessor.Operations.ProcessMovieXmlOperation.OperateCore(ProcessMovieXmlRequestMessage request) in c:\SVN\artemis\Artemis 7.0\sources\DMMCore.Application\BatchProcessor\Operations\ProcessMovieXmlOperation.cs:line 101
   at CID.Catamaran.Service.Core.GenericBusinessOperation`2.OperateCore(RequestMessage request) in c:\SVN\artemis\Catamaran\sources\Catamaran.Service.Core\GenericBusinessOperation.cs:line 64
   at CID.Catamaran.Service.Core.BusinessOperation.Operate(RequestMessage request) in c:\SVN\artemis\Catamaran\sources\Catamaran.Service.Core\BusinessOperation.cs:line 611

---- Inner: ------------------
Index: 0.3.2.0
Type: Error
Correlation code: 63fdcfc3-bfad-4f81-8d08-49d1d73b3648
Data-[msg]: Movie with Episode Number '134' already exists in the season 'Wolffs Revier'
Data-[msg code]: null
Data-[msg group]: null
Data-[msg params]: NULL
Data-[debug info]:    at CID.Catamaran.Service.Core.OperationAssertor.AssertIt(Boolean validCondition, ResponseInformation information, Boolean error) in c:\SVN\artemis\Catamaran\sources\Catamaran.Service.Core\OperationAssertor.cs:line 241
   at CID.Catamaran.Service.Core.OperationAssertor.AssertIt(Boolean validCondition, ResponseInformation information) in c:\SVN\artemis\Catamaran\sources\Catamaran.Service.Core\OperationAssertor.cs:line 215
   at CID.Catamaran.Service.Core.OperationAssertor.Assert(Boolean validCondition, String message) in c:\SVN\artemis\Catamaran\sources\Catamaran.Service.Core\OperationAssertor.cs:line 35
   at CID.Catamaran.Service.Core.OperationAssertor.AssertFormat(Boolean validCondition, String format, Object[] args) in c:\SVN\artemis\Catamaran\sources\Catamaran.Service.Core\OperationAssertor.cs:line 138
   at CID.TOI.Artemis.DMMCore.Application.Content.Operations.ContentHelper.ValidateEpisodeNumber(Int64 seasonNumber, String episodeNumber, Nullable`1 episodeMovieNumber) in c:\SVN\artemis\Artemis 7.0\sources\DMMCore.Application\Content\Operations\ContentHelper.cs:line 318
   at CID.TOI.Artemis.DMMCore.Application.Content.Operations.ContentHelper.ValidateEpisodeNumber(MovieEntity movie) in c:\SVN\artemis\Artemis 7.0\sources\DMMCore.Application\Content\Operations\ContentHelper.cs:line 281
   at CID.TOI.Artemis.DMMCore.Application.Content.Operations.ContentHelper.ValidateMovieBeforeSave(MovieEntity movie) in c:\SVN\artemis\Artemis 7.0\sources\DMMCore.Application\Content\Operations\ContentHelper.cs:line 255
   at CID.TOI.Artemis.DMMCore.Application.Content.Operations.CreateMovieOperation.OperateCore(CreateMovieRequestMessage request) in c:\SVN\artemis\Artemis 7.0\sources\DMMCore.Application\Content\Operations\CreateMovieOperation.cs:line 72
   at CID.Catamaran.Service.Core.GenericBusinessOperation`2.OperateCore(RequestMessage request) in c:\SVN\artemis\Catamaran\sources\Catamaran.Service.Core\GenericBusinessOperation.cs:line 64
   at CID.Catamaran.Service.Core.BusinessOperation.Operate(RequestMessage request) in c:\SVN\artemis\Catamaran\sources\Catamaran.Service.Core\BusinessOperation.cs:line 611

---- Inner: ------------------
Index: 0.3.2.1
Type: Error
Correlation code: e4575926-1676-4843-bab3-349560804ca6
Data-[msg]: Create Movie operation failed.
Data-[msg code]: null
Data-[msg group]: null
Data-[msg params]: NULL
Data-[debug info]:    at CID.Catamaran.Service.Core.OperationAssertor.AssertIt(Boolean validCondition, ResponseInformation information, Boolean error) in c:\SVN\artemis\Catamaran\sources\Catamaran.Service.Core\OperationAssertor.cs:line 241
   at CID.Catamaran.Service.Core.OperationAssertor.AssertIt(Boolean validCondition, ResponseInformation information) in c:\SVN\artemis\Catamaran\sources\Catamaran.Service.Core\OperationAssertor.cs:line 215
   at CID.Catamaran.Service.Core.OperationAssertor.Assert(Boolean validCondition, ResponseInformation information) in c:\SVN\artemis\Catamaran\sources\Catamaran.Service.Core\OperationAssertor.cs:line 61
   at CID.Catamaran.Service.Core.OperationAssertor.Assert(ResponseMessage response, String message) in c:\SVN\artemis\Catamaran\sources\Catamaran.Service.Core\OperationAssertor.cs:line 100
   at CID.TOI.Artemis.DMMCore.Application.BatchProcessor.Operations.CreateMovieWithRelatedEntitiesOperation.SaveOrCreateMovie(MovieDto movie) in c:\SVN\artemis\Artemis 7.0\sources\DMMCore.Application\BatchProcessor\Operations\CreateMovieWithRelatedEntitiesOperation.cs:line 205
   at CID.TOI.Artemis.DMMCore.Application.BatchProcessor.Operations.CreateMovieWithRelatedEntitiesOperation.SaveMovie(MovieEncapsulatorDto movieInput) in c:\SVN\artemis\Artemis 7.0\sources\DMMCore.Application\BatchProcessor\Operations\CreateMovieWithRelatedEntitiesOperation.cs:line 99
   at CID.TOI.Artemis.DMMCore.Application.BatchProcessor.Operations.CreateMovieWithRelatedEntitiesOperation.OperateCore(CreateMovieWithRelatedEntitiesRequestMessage request) in c:\SVN\artemis\Artemis 7.0\sources\DMMCore.Application\BatchProcessor\Operations\CreateMovieWithRelatedEntitiesOperation.cs:line 59
   at CID.Catamaran.Service.Core.GenericBusinessOperation`2.OperateCore(RequestMessage request) in c:\SVN\artemis\Catamaran\sources\Catamaran.Service.Core\GenericBusinessOperation.cs:line 64
   at CID.Catamaran.Service.Core.BusinessOperation.Operate(RequestMessage request) in c:\SVN\artemis\Catamaran\sources\Catamaran.Service.Core\BusinessOperation.cs:line 611

---- Inner: ------------------
Index: 0.3.2.1.0
Type: Error
Correlation code: 63fdcfc3-bfad-4f81-8d08-49d1d73b3648
Data-[msg]: Movie with Episode Number '134' already exists in the season 'Wolffs Revier'
Data-[msg code]: null
Data-[msg group]: null
Data-[msg params]: NULL
Data-[debug info]:    at CID.Catamaran.Service.Core.OperationAssertor.AssertIt(Boolean validCondition, ResponseInformation information, Boolean error) in c:\SVN\artemis\Catamaran\sources\Catamaran.Service.Core\OperationAssertor.cs:line 241
   at CID.Catamaran.Service.Core.OperationAssertor.AssertIt(Boolean validCondition, ResponseInformation information) in c:\SVN\artemis\Catamaran\sources\Catamaran.Service.Core\OperationAssertor.cs:line 215
   at CID.Catamaran.Service.Core.OperationAssertor.Assert(Boolean validCondition, String message) in c:\SVN\artemis\Catamaran\sources\Catamaran.Service.Core\OperationAssertor.cs:line 35
   at CID.Catamaran.Service.Core.OperationAssertor.AssertFormat(Boolean validCondition, String format, Object[] args) in c:\SVN\artemis\Catamaran\sources\Catamaran.Service.Core\OperationAssertor.cs:line 138
   at CID.TOI.Artemis.DMMCore.Application.Content.Operations.ContentHelper.ValidateEpisodeNumber(Int64 seasonNumber, String episodeNumber, Nullable`1 episodeMovieNumber) in c:\SVN\artemis\Artemis 7.0\sources\DMMCore.Application\Content\Operations\ContentHelper.cs:line 318
   at CID.TOI.Artemis.DMMCore.Application.Content.Operations.ContentHelper.ValidateEpisodeNumber(MovieEntity movie) in c:\SVN\artemis\Artemis 7.0\sources\DMMCore.Application\Content\Operations\ContentHelper.cs:line 281
   at CID.TOI.Artemis.DMMCore.Application.Content.Operations.ContentHelper.ValidateMovieBeforeSave(MovieEntity movie) in c:\SVN\artemis\Artemis 7.0\sources\DMMCore.Application\Content\Operations\ContentHelper.cs:line 255
   at CID.TOI.Artemis.DMMCore.Application.Content.Operations.CreateMovieOperation.OperateCore(CreateMovieRequestMessage request) in c:\SVN\artemis\Artemis 7.0\sources\DMMCore.Application\Content\Operations\CreateMovieOperation.cs:line 72
   at CID.Catamaran.Service.Core.GenericBusinessOperation`2.OperateCore(RequestMessage request) in c:\SVN\artemis\Catamaran\sources\Catamaran.Service.Core\GenericBusinessOperation.cs:line 64
   at CID.Catamaran.Service.Core.BusinessOperation.Operate(RequestMessage request) in c:\SVN\artemis\Catamaran\sources\Catamaran.Service.Core\BusinessOperation.cs:line 611

---- Info end -------------------


Data-[msg code]: null
Data-[msg group]: null
Data-[msg params]: NULL
Data-[debug info]: null

---- Info end -------------------


2013-03-27 22:36:52  [INFO ] Email addres  resolved from xsl is null or empty
2013-03-27 22:36:52  [DEBUG] Retrieving provider = 'odc_axn' e-mail.
2013-03-27 22:36:52  [DEBUG] Retrieving provider = 'odc_axn' e-mail from the XML.
2013-03-27 22:36:53  [INFO ] Email addres  resolved from provider is null or empty
2013-03-27 22:36:53  [DEBUG] Provider 'odc_axn' e-mail is not specified for sending notification on failed batch imports.
2013-03-27 22:36:53  [WARN ] Status e-mail about provider = 'odc_axn' config file = '[6783] [49530] [99] [62dca0a6-59da-40f3-ae7f-9344cd4e2b9b].xml' processing will not be sent as e-mail is not specified.
2013-03-27 22:36:53  [INFO ] Done processing 'Movie' config file = '[6783] [49530] [99] [62dca0a6-59da-40f3-ae7f-9344cd4e2b9b].xml' for provider = 'odc_axn'.
